\BOOKMARK [0][-]{chapter.1}{\376\377\0001\000\040\000C\000h\000o\000i\000x\000\040\000t\000e\000c\000h\000n\000i\000q\000u\000e}{}% 1
\BOOKMARK [1][-]{section.1.1}{\376\377\0001\000.\0001\000\040\000T\000e\000c\000h\000n\000i\000c\000a\000l\000\040\000c\000h\000o\000i\000c\000e\000s}{chapter.1}% 2
\BOOKMARK [0][-]{chapter.2}{\376\377\0002\000\040\000C\000h\000o\000i\000x\000\040\000d\000'\000o\000r\000g\000a\000n\000i\000s\000a\000t\000i\000o\000n}{}% 3
\BOOKMARK [0][-]{chapter.3}{\376\377\0003\000\040\000N\000a\000m\000e\000s\000p\000a\000c\000e\000\040\000I\000n\000d\000e\000x}{}% 4
\BOOKMARK [1][-]{section.3.1}{\376\377\0003\000.\0001\000\040\000P\000a\000c\000k\000a\000g\000e\000s}{chapter.3}% 5
\BOOKMARK [0][-]{chapter.4}{\376\377\0004\000\040\000F\000i\000l\000e\000\040\000I\000n\000d\000e\000x}{}% 6
\BOOKMARK [1][-]{section.4.1}{\376\377\0004\000.\0001\000\040\000F\000i\000l\000e\000\040\000L\000i\000s\000t}{chapter.4}% 7
\BOOKMARK [0][-]{chapter.5}{\376\377\0005\000\040\000N\000a\000m\000e\000s\000p\000a\000c\000e\000\040\000D\000o\000c\000u\000m\000e\000n\000t\000a\000t\000i\000o\000n}{}% 8
\BOOKMARK [1][-]{section.5.1}{\376\377\0005\000.\0001\000\040\000d\000i\000r\000e\000c\000t\000o\000r\000y\000S\000u\000p\000e\000r\000v\000i\000s\000o\000r\000\040\000N\000a\000m\000e\000s\000p\000a\000c\000e\000\040\000R\000e\000f\000e\000r\000e\000n\000c\000e}{chapter.5}% 9
\BOOKMARK [2][-]{subsection.5.1.1}{\376\377\0005\000.\0001\000.\0001\000\040\000F\000u\000n\000c\000t\000i\000o\000n\000\040\000D\000o\000c\000u\000m\000e\000n\000t\000a\000t\000i\000o\000n}{section.5.1}% 10
\BOOKMARK [3][-]{subsubsection.5.1.1.1}{\376\377\0005\000.\0001\000.\0001\000.\0001\000\040\000c\000o\000m\000p\000a\000r\000a\000t\000e\000S\000u\000r\000v\000e\000y\000L\000i\000s\000t\000\050\000o\000l\000d\000L\000i\000s\000t\000e\000,\000\040\000n\000e\000w\000L\000i\000s\000t\000e\000\051}{subsection.5.1.1}% 11
\BOOKMARK [3][-]{subsubsection.5.1.1.2}{\376\377\0005\000.\0001\000.\0001\000.\0002\000\040\000c\000r\000e\000a\000t\000e\000S\000u\000r\000v\000e\000y\000L\000i\000s\000t\000\050\000t\000r\000e\000e\000,\000\040\000s\000t\000a\000r\000t\000i\000n\000g\000l\000e\000v\000e\000l\000,\000\040\000d\000e\000p\000t\000h\000\051}{subsection.5.1.1}% 12
\BOOKMARK [3][-]{subsubsection.5.1.1.3}{\376\377\0005\000.\0001\000.\0001\000.\0003\000\040\000l\000o\000g\000T\000h\000e\000M\000A\000D\000L\000i\000s\000t\000s\000\050\000l\000o\000g\000g\000e\000r\000,\000\040\000M\000,\000\040\000A\000,\000\040\000D\000\051}{subsection.5.1.1}% 13
\BOOKMARK [3][-]{subsubsection.5.1.1.4}{\376\377\0005\000.\0001\000.\0001\000.\0004\000\040\000l\000o\000o\000p\000\050\000l\000o\000g\000g\000e\000r\000,\000\040\000f\000r\000e\000q\000u\000e\000n\000c\000e\000,\000\040\000s\000u\000p\000e\000r\000v\000i\000s\000i\000o\000n\000T\000i\000m\000e\000,\000\040\000a\000r\000b\000r\000e\000P\000r\000e\000c\000e\000d\000e\000n\000t\000,\000\040\000d\000p\000\051}{subsection.5.1.1}% 14
\BOOKMARK [3][-]{subsubsection.5.1.1.5}{\376\377\0005\000.\0001\000.\0001\000.\0005\000\040\000m\000o\000n\000M\000a\000i\000n\000\050\000\051}{subsection.5.1.1}% 15
\BOOKMARK [1][-]{section.5.2}{\376\377\0005\000.\0002\000\040\000g\000e\000s\000t\000i\000o\000n\000F\000T\000P\000\040\000N\000a\000m\000e\000s\000p\000a\000c\000e\000\040\000R\000e\000f\000e\000r\000e\000n\000c\000e}{chapter.5}% 16
\BOOKMARK [2][-]{subsection.5.2.1}{\376\377\0005\000.\0002\000.\0001\000\040\000F\000u\000n\000c\000t\000i\000o\000n\000\040\000D\000o\000c\000u\000m\000e\000n\000t\000a\000t\000i\000o\000n}{section.5.2}% 17
\BOOKMARK [3][-]{subsubsection.5.2.1.1}{\376\377\0005\000.\0002\000.\0001\000.\0001\000\040\000a\000f\000f\000i\000c\000h\000a\000g\000e\000F\000T\000P\000\050\000f\000t\000p\000\051}{subsection.5.2.1}% 18
\BOOKMARK [3][-]{subsubsection.5.2.1.2}{\376\377\0005\000.\0002\000.\0001\000.\0002\000\040\000c\000o\000n\000n\000e\000c\000t\000i\000o\000n\000A\000u\000S\000e\000r\000v\000e\000u\000r\000F\000T\000P\000\050\000h\000o\000s\000t\000,\000\040\000u\000s\000e\000r\000,\000\040\000p\000a\000s\000s\000w\000o\000r\000d\000\051}{subsection.5.2.1}% 19
\BOOKMARK [3][-]{subsubsection.5.2.1.3}{\376\377\0005\000.\0002\000.\0001\000.\0003\000\040\000c\000o\000p\000i\000e\000r\000C\000o\000n\000t\000e\000n\000u\000D\000o\000s\000s\000i\000e\000r\000\050\000f\000t\000p\000,\000\040\000c\000h\000e\000m\000i\000n\000,\000\040\000n\000o\000m\000d\000o\000s\000s\000i\000e\000r\000\051}{subsection.5.2.1}% 20
\BOOKMARK [3][-]{subsubsection.5.2.1.4}{\376\377\0005\000.\0002\000.\0001\000.\0004\000\040\000c\000r\000e\000e\000r\000D\000o\000s\000s\000i\000e\000r\000\050\000f\000t\000p\000,\000\040\000d\000o\000s\000s\000i\000e\000r\000\051}{subsection.5.2.1}% 21
\BOOKMARK [3][-]{subsubsection.5.2.1.5}{\376\377\0005\000.\0002\000.\0001\000.\0005\000\040\000d\000e\000c\000o\000n\000n\000e\000x\000i\000o\000n\000A\000u\000S\000e\000r\000v\000e\000u\000r\000\050\000c\000o\000n\000n\000e\000c\000t\000\051}{subsection.5.2.1}% 22
\BOOKMARK [3][-]{subsubsection.5.2.1.6}{\376\377\0005\000.\0002\000.\0001\000.\0006\000\040\000e\000f\000f\000a\000c\000e\000r\000F\000i\000c\000h\000i\000e\000r\000\050\000f\000t\000p\000,\000\040\000f\000i\000c\000h\000i\000e\000r\000\051}{subsection.5.2.1}% 23
\BOOKMARK [3][-]{subsubsection.5.2.1.7}{\376\377\0005\000.\0002\000.\0001\000.\0007\000\040\000e\000n\000v\000o\000y\000e\000r\000U\000n\000F\000i\000c\000h\000i\000e\000r\000\050\000f\000i\000c\000h\000i\000e\000r\000c\000h\000e\000m\000i\000n\000,\000\040\000f\000i\000c\000h\000i\000e\000r\000n\000o\000m\000,\000\040\000f\000t\000p\000\051}{subsection.5.2.1}% 24
\BOOKMARK [3][-]{subsubsection.5.2.1.8}{\376\377\0005\000.\0002\000.\0001\000.\0008\000\040\000e\000t\000a\000t\000C\000o\000n\000n\000e\000x\000i\000o\000n\000\050\000f\000t\000p\000\051}{subsection.5.2.1}% 25
\BOOKMARK [3][-]{subsubsection.5.2.1.9}{\376\377\0005\000.\0002\000.\0001\000.\0009\000\040\000l\000i\000s\000t\000e\000r\000\050\000f\000t\000p\000\051}{subsection.5.2.1}% 26
\BOOKMARK [3][-]{subsubsection.5.2.1.10}{\376\377\0005\000.\0002\000.\0001\000.\0001\0000\000\040\000m\000o\000n\000M\000a\000i\000n\000\050\000\051}{subsection.5.2.1}% 27
\BOOKMARK [3][-]{subsubsection.5.2.1.11}{\376\377\0005\000.\0002\000.\0001\000.\0001\0001\000\040\000p\000u\000s\000h\000A\000u\000S\000e\000r\000v\000e\000u\000r\000F\000T\000P\000\050\000\051}{subsection.5.2.1}% 28
\BOOKMARK [3][-]{subsubsection.5.2.1.12}{\376\377\0005\000.\0002\000.\0001\000.\0001\0002\000\040\000s\000u\000p\000p\000r\000i\000m\000e\000r\000D\000o\000s\000s\000i\000e\000r\000\050\000f\000t\000p\000,\000\040\000d\000o\000s\000s\000i\000e\000r\000\051}{subsection.5.2.1}% 29
\BOOKMARK [1][-]{section.5.3}{\376\377\0005\000.\0003\000\040\000l\000o\000g\000g\000e\000r\000\040\000N\000a\000m\000e\000s\000p\000a\000c\000e\000\040\000R\000e\000f\000e\000r\000e\000n\000c\000e}{chapter.5}% 30
\BOOKMARK [2][-]{subsection.5.3.1}{\376\377\0005\000.\0003\000.\0001\000\040\000F\000u\000n\000c\000t\000i\000o\000n\000\040\000D\000o\000c\000u\000m\000e\000n\000t\000a\000t\000i\000o\000n}{section.5.3}% 31
\BOOKMARK [3][-]{subsubsection.5.3.1.1}{\376\377\0005\000.\0003\000.\0001\000.\0001\000\040\000i\000n\000i\000t\000L\000o\000g\000\050\000\051}{subsection.5.3.1}% 32
\BOOKMARK [3][-]{subsubsection.5.3.1.2}{\376\377\0005\000.\0003\000.\0001\000.\0002\000\040\000m\000o\000n\000M\000a\000i\000n\000\050\000\051}{subsection.5.3.1}% 33
\BOOKMARK [1][-]{section.5.4}{\376\377\0005\000.\0004\000\040\000m\000a\000i\000n\000\040\000N\000a\000m\000e\000s\000p\000a\000c\000e\000\040\000R\000e\000f\000e\000r\000e\000n\000c\000e}{chapter.5}% 34
\BOOKMARK [2][-]{subsection.5.4.1}{\376\377\0005\000.\0004\000.\0001\000\040\000F\000u\000n\000c\000t\000i\000o\000n\000\040\000D\000o\000c\000u\000m\000e\000n\000t\000a\000t\000i\000o\000n}{section.5.4}% 35
\BOOKMARK [3][-]{subsubsection.5.4.1.1}{\376\377\0005\000.\0004\000.\0001\000.\0001\000\040\000i\000n\000i\000t\000\050\000l\000o\000g\000g\000e\000r\000,\000\040\000a\000r\000g\000s\000\051}{subsection.5.4.1}% 36
\BOOKMARK [3][-]{subsubsection.5.4.1.2}{\376\377\0005\000.\0004\000.\0001\000.\0002\000\040\000l\000o\000o\000p\000\050\000l\000o\000g\000g\000e\000r\000,\000\040\000a\000r\000g\000s\000\051}{subsection.5.4.1}% 37
\BOOKMARK [3][-]{subsubsection.5.4.1.3}{\376\377\0005\000.\0004\000.\0001\000.\0003\000\040\000m\000o\000n\000M\000a\000i\000n\000\050\000\051}{subsection.5.4.1}% 38
\BOOKMARK [1][-]{section.5.5}{\376\377\0005\000.\0005\000\040\000p\000a\000r\000s\000e\000r\000\040\000N\000a\000m\000e\000s\000p\000a\000c\000e\000\040\000R\000e\000f\000e\000r\000e\000n\000c\000e}{chapter.5}% 39
\BOOKMARK [2][-]{subsection.5.5.1}{\376\377\0005\000.\0005\000.\0001\000\040\000F\000u\000n\000c\000t\000i\000o\000n\000\040\000D\000o\000c\000u\000m\000e\000n\000t\000a\000t\000i\000o\000n}{section.5.5}% 40
\BOOKMARK [3][-]{subsubsection.5.5.1.1}{\376\377\0005\000.\0005\000.\0001\000.\0001\000\040\000i\000n\000i\000t\000V\000a\000r\000i\000a\000b\000l\000e\000s\000\050\000\051}{subsection.5.5.1}% 41
\BOOKMARK [3][-]{subsubsection.5.5.1.2}{\376\377\0005\000.\0005\000.\0001\000.\0002\000\040\000m\000o\000n\000M\000a\000i\000n\000\050\000\051}{subsection.5.5.1}% 42
\BOOKMARK [0][-]{chapter.6}{\376\377\0006\000\040\000F\000i\000l\000e\000\040\000D\000o\000c\000u\000m\000e\000n\000t\000a\000t\000i\000o\000n}{}% 43
\BOOKMARK [1][-]{section.6.1}{\376\377\0006\000.\0001\000\040\000s\000r\000c\000/\000d\000i\000r\000e\000c\000t\000o\000r\000y\000S\000u\000p\000e\000r\000v\000i\000s\000o\000r\000.\000p\000y\000\040\000F\000i\000l\000e\000\040\000R\000e\000f\000e\000r\000e\000n\000c\000e}{chapter.6}% 44
\BOOKMARK [1][-]{section.6.2}{\376\377\0006\000.\0002\000\040\000s\000r\000c\000/\000g\000e\000s\000t\000i\000o\000n\000F\000T\000P\000.\000p\000y\000\040\000F\000i\000l\000e\000\040\000R\000e\000f\000e\000r\000e\000n\000c\000e}{chapter.6}% 45
\BOOKMARK [1][-]{section.6.3}{\376\377\0006\000.\0003\000\040\000s\000r\000c\000/\000l\000o\000g\000g\000e\000r\000.\000p\000y\000\040\000F\000i\000l\000e\000\040\000R\000e\000f\000e\000r\000e\000n\000c\000e}{chapter.6}% 46
\BOOKMARK [1][-]{section.6.4}{\376\377\0006\000.\0004\000\040\000s\000r\000c\000/\000m\000a\000i\000n\000.\000p\000y\000\040\000F\000i\000l\000e\000\040\000R\000e\000f\000e\000r\000e\000n\000c\000e}{chapter.6}% 47
\BOOKMARK [1][-]{section.6.5}{\376\377\0006\000.\0005\000\040\000s\000r\000c\000/\000p\000a\000r\000s\000e\000r\000.\000p\000y\000\040\000F\000i\000l\000e\000\040\000R\000e\000f\000e\000r\000e\000n\000c\000e}{chapter.6}% 48
\BOOKMARK [0][-]{section*.17}{\376\377\000I\000n\000d\000e\000x}{}% 49
